
   INFO  Server running on [http://127.0.0.1:8000].  

  Press Ctrl+C to stop the server

  2024-10-14 13:00:06 /profile ................................... ~ 500.98ms
  2024-10-14 13:00:07 /build/assets/app-DaN8u4V-.css ............... ~ 0.06ms
  2024-10-14 13:00:07 /build/assets/app-DLXkxiZ3.js ................ ~ 0.25ms
  2024-10-14 13:00:07 /favicon.ico ................................. ~ 0.03ms
  2024-10-14 13:01:13 /profile ..................................... ~ 0.26ms
  2024-10-14 13:01:13 /build/assets/app-DaN8u4V-.css ............... ~ 0.09ms
  2024-10-14 13:01:13 /build/assets/app-DLXkxiZ3.js ................ ~ 0.08ms
  2024-10-14 13:01:13 /favicon.ico ................................. ~ 0.27ms
  2024-10-14 13:21:27 /logout ...................................... ~ 0.35ms
  2024-10-14 13:21:27 / ............................................ ~ 0.05ms
  2024-10-14 13:21:28 /favicon.ico ................................. ~ 0.10ms
  2024-10-14 13:21:29 /login ....................................... ~ 0.30ms
  2024-10-14 13:21:29 /build/assets/app-DaN8u4V-.css ............... ~ 0.13ms
  2024-10-14 13:21:29 /build/assets/app-DLXkxiZ3.js ................ ~ 0.09ms
  2024-10-14 13:21:29 /favicon.ico ................................. ~ 0.10ms
  2024-10-14 13:22:09 /login ..................................... ~ 501.22ms
  2024-10-14 13:22:09 /login ....................................... ~ 0.04ms
  2024-10-14 13:22:09 /build/assets/app-DaN8u4V-.css ............... ~ 0.04ms
  2024-10-14 13:22:09 /build/assets/app-DLXkxiZ3.js ................ ~ 0.09ms
  2024-10-14 13:22:09 /favicon.ico ................................. ~ 0.04ms
  2024-10-14 13:22:39 /login ..................................... ~ 500.94ms
  2024-10-14 13:22:39 /login ....................................... ~ 0.09ms
  2024-10-14 13:22:39 /build/assets/app-DaN8u4V-.css ............... ~ 0.05ms
  2024-10-14 13:22:39 /build/assets/app-DLXkxiZ3.js ................ ~ 0.05ms
  2024-10-14 13:22:39 /favicon.ico ................................. ~ 0.09ms
  2024-10-14 13:22:54 / .......................................... ~ 500.90ms
  2024-10-14 13:22:54 /favicon.ico ................................. ~ 0.07ms
  2024-10-14 13:22:56 /login ....................................... ~ 0.24ms
  2024-10-14 13:22:56 /build/assets/app-DaN8u4V-.css ............... ~ 0.04ms
  2024-10-14 13:22:56 /build/assets/app-DLXkxiZ3.js ................ ~ 0.13ms
  2024-10-14 13:22:56 /favicon.ico ................................. ~ 0.04ms
  2024-10-14 13:23:12 / .......................................... ~ 500.68ms
  2024-10-14 13:23:12 /favicon.ico ................................. ~ 0.05ms
  2024-10-14 13:23:14 /register .................................... ~ 0.30ms
  2024-10-14 13:23:14 /build/assets/app-DaN8u4V-.css ............... ~ 0.05ms
  2024-10-14 13:23:14 /build/assets/app-DLXkxiZ3.js ................ ~ 0.08ms
  2024-10-14 13:23:14 /favicon.ico ................................. ~ 0.05ms
  2024-10-14 13:23:33 /register ........................................ ~ 8s
  2024-10-14 13:23:41 /dashboard ................................... ~ 0.13ms
  2024-10-14 13:23:41 /verify-email ................................ ~ 0.09ms
  2024-10-14 13:23:41 /build/assets/app-DaN8u4V-.css ............... ~ 0.06ms
  2024-10-14 13:23:41 /build/assets/app-DLXkxiZ3.js ................ ~ 0.05ms
  2024-10-14 13:23:41 /favicon.ico ................................. ~ 0.08ms
  2024-10-14 13:23:54 /verify-email/3/79e347d8c0fd57810bef512e791a45370c0ef802  ~ 0.42ms
  2024-10-14 13:23:54 /dashboard ................................... ~ 0.04ms
  2024-10-14 13:23:54 /build/assets/app-DaN8u4V-.css ............... ~ 0.04ms
  2024-10-14 13:23:54 /build/assets/app-DLXkxiZ3.js ................ ~ 0.04ms
  2024-10-14 13:23:54 /favicon.ico ................................. ~ 0.04ms
  2024-10-14 15:04:41 /logout ...................................... ~ 2.80ms
  2024-10-14 15:04:41 / ............................................ ~ 0.07ms
  2024-10-14 15:04:41 /favicon.ico ................................. ~ 0.14ms
  2024-10-14 15:28:58 /login ....................................... ~ 1.31ms
  2024-10-14 15:28:58 /build/assets/app-DaN8u4V-.css ............... ~ 0.10ms
  2024-10-14 15:28:58 /build/assets/app-DLXkxiZ3.js ................ ~ 0.05ms
  2024-10-14 15:28:58 /favicon.ico ................................. ~ 0.29ms
  2024-10-14 15:29:38 /login ..................................... ~ 501.54ms
  2024-10-14 15:29:38 /dashboard ................................... ~ 0.06ms
  2024-10-14 15:29:38 /verify-email ................................ ~ 0.09ms
  2024-10-14 15:29:38 /build/assets/app-DaN8u4V-.css ............... ~ 0.09ms
  2024-10-14 15:29:38 /build/assets/app-DLXkxiZ3.js ................ ~ 0.05ms
  2024-10-14 15:29:38 /favicon.ico ................................. ~ 0.09ms
  2024-10-14 15:30:05 /email/verification-notification ................. ~ 3s
  2024-10-14 15:30:08 /verify-email ................................ ~ 0.11ms
  2024-10-14 15:30:08 /build/assets/app-DaN8u4V-.css ............... ~ 0.05ms
  2024-10-14 15:30:08 /build/assets/app-DLXkxiZ3.js ................ ~ 0.03ms
  2024-10-14 15:30:08 /favicon.ico ................................. ~ 0.08ms
  2024-10-14 15:30:17 /verify-email/1/595237eecb76e214d550a3e2ddf8db8cd5fdf700  ~ 0.14ms
  2024-10-14 15:30:18 /dashboard ................................... ~ 0.02ms
  2024-10-14 15:30:18 /build/assets/app-DaN8u4V-.css ............... ~ 0.03ms
  2024-10-14 15:30:18 /build/assets/app-DLXkxiZ3.js ................ ~ 0.02ms
  2024-10-14 15:30:18 /favicon.ico ................................. ~ 0.03ms
  2024-10-14 15:30:22 /profile ..................................... ~ 0.18ms
  2024-10-14 15:30:22 /build/assets/app-DaN8u4V-.css ............... ~ 0.03ms
  2024-10-14 15:30:22 /build/assets/app-DLXkxiZ3.js ................ ~ 0.05ms
  2024-10-14 15:30:22 /favicon.ico ................................. ~ 0.02ms
  2024-10-14 15:33:27 /logout ...................................... ~ 2.90ms
  2024-10-14 15:33:27 / ............................................ ~ 0.10ms
  2024-10-14 15:33:27 /favicon.ico ................................. ~ 0.05ms
  2024-10-14 15:37:04 /login ...................................... ~ 12.41ms
  2024-10-14 15:37:04 /build/assets/app-DaN8u4V-.css ............... ~ 0.11ms
  2024-10-14 15:37:04 /build/assets/app-DLXkxiZ3.js ................ ~ 0.08ms
  2024-10-14 15:37:04 /favicon.ico ................................. ~ 0.08ms
  2024-10-14 15:37:39 /login ..................................... ~ 501.77ms
  2024-10-14 15:37:39 /login ....................................... ~ 0.10ms
  2024-10-14 15:37:39 /build/assets/app-DaN8u4V-.css ............... ~ 0.11ms
  2024-10-14 15:37:39 /build/assets/app-DLXkxiZ3.js ................ ~ 0.12ms
  2024-10-14 15:37:39 /favicon.ico ................................. ~ 0.05ms
  2024-10-14 15:37:45 /favicon.ico ................................. ~ 0.27ms
  2024-10-14 15:37:50 /favicon.ico ................................. ~ 0.39ms
  2024-10-14 15:37:50 /favicon.ico ................................. ~ 0.25ms
  2024-10-14 15:37:53 /register .................................... ~ 0.34ms
  2024-10-14 15:37:53 /build/assets/app-DaN8u4V-.css ............... ~ 0.08ms
  2024-10-14 15:37:53 /build/assets/app-DLXkxiZ3.js ................ ~ 0.40ms
  2024-10-14 15:37:53 /favicon.ico ................................. ~ 0.04ms
  2024-10-14 15:38:17 /register ........................................ ~ 2s
  2024-10-14 15:38:19 /dashboard ................................... ~ 0.05ms
  2024-10-14 15:38:19 /verify-email ................................ ~ 0.05ms
  2024-10-14 15:38:19 /build/assets/app-DaN8u4V-.css ............... ~ 0.09ms
  2024-10-14 15:38:19 /build/assets/app-DLXkxiZ3.js ................ ~ 0.04ms
  2024-10-14 15:38:19 /favicon.ico ................................. ~ 0.10ms
  2024-10-14 15:41:37 /verify-email/4/aa48679e45be5ead70824c3391532938053c2ed3  ~ 0.93ms
  2024-10-14 15:41:37 /dashboard ................................. ~ 501.35ms
  2024-10-14 15:41:37 /build/assets/app-DaN8u4V-.css ............... ~ 0.09ms
  2024-10-14 15:41:37 /build/assets/app-DLXkxiZ3.js ................ ~ 0.33ms
  2024-10-14 15:41:37 /favicon.ico ................................. ~ 0.08ms
  2024-10-14 15:41:41 /profile ................................... ~ 501.12ms
  2024-10-14 15:41:41 /build/assets/app-DaN8u4V-.css ............... ~ 0.10ms
  2024-10-14 15:41:41 /build/assets/app-DLXkxiZ3.js ................ ~ 0.43ms
  2024-10-14 15:41:41 /favicon.ico ................................. ~ 0.05ms
  2024-10-14 15:56:08 /logout ...................................... ~ 2.22ms
  2024-10-14 15:56:08 / .......................................... ~ 500.79ms
  2024-10-14 15:56:08 /favicon.ico ................................. ~ 0.10ms
